e:\projects\minecraft\minecraft\debug\vc142.pdb
e:\projects\minecraft\minecraft\debug\vc142.idb
e:\projects\minecraft\minecraft\debug\texture.obj
e:\projects\minecraft\minecraft\debug\quad.obj
e:\projects\minecraft\minecraft\debug\playing.obj
e:\projects\minecraft\minecraft\debug\game_state.obj
e:\projects\minecraft\minecraft\debug\simple_shader.obj
e:\projects\minecraft\minecraft\debug\shader_program.obj
e:\projects\minecraft\minecraft\debug\shader_loader.obj
e:\projects\minecraft\minecraft\debug\simple.obj
e:\projects\minecraft\minecraft\debug\master.obj
e:\projects\minecraft\minecraft\debug\model.obj
e:\projects\minecraft\minecraft\debug\matrix.obj
e:\projects\minecraft\minecraft\debug\display.obj
e:\projects\minecraft\minecraft\debug\application.obj
e:\projects\minecraft\minecraft\debug\minecraft.obj
e:\projects\minecraft\minecraft\debug\minecraft.exe
e:\projects\minecraft\minecraft\debug\minecraft.ilk
e:\projects\minecraft\minecraft\debug\minecraft.pdb
e:\projects\minecraft\minecraft\debug\minecraft.tlog\cl.command.1.tlog
e:\projects\minecraft\minecraft\debug\minecraft.tlog\cl.read.1.tlog
e:\projects\minecraft\minecraft\debug\minecraft.tlog\cl.write.1.tlog
e:\projects\minecraft\minecraft\debug\minecraft.tlog\link.command.1.tlog
e:\projects\minecraft\minecraft\debug\minecraft.tlog\link.read.1.tlog
e:\projects\minecraft\minecraft\debug\minecraft.tlog\link.write.1.tlog
